\BOOKMARK [1][-]{section.1}{Introduction}{}% 1
\BOOKMARK [2][-]{subsection.1.1}{Aims and Objectives}{section.1}% 2
\BOOKMARK [2][-]{subsection.1.2}{History of Pig}{section.1}% 3
\BOOKMARK [3][-]{subsubsection.1.2.1}{Basics of Pig}{subsection.1.2}% 4
\BOOKMARK [3][-]{subsubsection.1.2.2}{Nellers Work}{subsection.1.2}% 5
\BOOKMARK [2][-]{subsection.1.3}{Optimal Stratergy}{section.1}% 6
\BOOKMARK [2][-]{subsection.1.4}{Preliminary Findings}{section.1}% 7
\BOOKMARK [1][-]{section.2}{Methodology}{}% 8
\BOOKMARK [2][-]{subsection.2.1}{Group Organisation}{section.2}% 9
\BOOKMARK [3][-]{subsubsection.2.1.1}{Meetings}{subsection.2.1}% 10
\BOOKMARK [3][-]{subsubsection.2.1.2}{Creation of Prject Plan}{subsection.2.1}% 11
\BOOKMARK [2][-]{subsection.2.2}{Piglet}{section.2}% 12
\BOOKMARK [3][-]{subsubsection.2.2.1}{Hand Written notes}{subsection.2.2}% 13
\BOOKMARK [3][-]{subsubsection.2.2.2}{Coding Pig}{subsection.2.2}% 14
\BOOKMARK [3][-]{subsubsection.2.2.3}{Piglet Findings}{subsection.2.2}% 15
\BOOKMARK [2][-]{subsection.2.3}{Pig}{section.2}% 16
\BOOKMARK [3][-]{subsubsection.2.3.1}{Expansion from Piglet}{subsection.2.3}% 17
\BOOKMARK [3][-]{subsubsection.2.3.2}{Debugging of the code}{subsection.2.3}% 18
\BOOKMARK [2][-]{subsection.2.4}{Behavioural Economics}{section.2}% 19
\BOOKMARK [2][-]{subsection.2.5}{Statistical Testing}{section.2}% 20
\BOOKMARK [3][-]{subsubsection.2.5.1}{Fair test}{subsection.2.5}% 21
\BOOKMARK [3][-]{subsubsection.2.5.2}{Theory of Hypothosis testing}{subsection.2.5}% 22
\BOOKMARK [3][-]{subsubsection.2.5.3}{Running of tests}{subsection.2.5}% 23
\BOOKMARK [1][-]{section.3}{Findings}{}% 24
\BOOKMARK [2][-]{subsection.3.1}{Pig}{section.3}% 25
\BOOKMARK [3][-]{subsubsection.3.1.1}{Did we solve Pig}{subsection.3.1}% 26
\BOOKMARK [2][-]{subsection.3.2}{Behavioural Economics}{section.3}% 27
\BOOKMARK [3][-]{subsubsection.3.2.1}{Do players stick to their risk preference}{subsection.3.2}% 28
\BOOKMARK [3][-]{subsubsection.3.2.2}{Players Interactions}{subsection.3.2}% 29
\BOOKMARK [2][-]{subsection.3.3}{Statistical Testing}{section.3}% 30
\BOOKMARK [3][-]{subsubsection.3.3.1}{Non-transitivity}{subsection.3.3}% 31
\BOOKMARK [3][-]{subsubsection.3.3.2}{Testing against our optimal}{subsection.3.3}% 32
\BOOKMARK [3][-]{subsubsection.3.3.3}{Testing against Nellers optimal}{subsection.3.3}% 33
\BOOKMARK [1][-]{section.4}{Conclusions}{}% 34
\BOOKMARK [2][-]{subsection.4.1}{Overall findings}{section.4}% 35
\BOOKMARK [2][-]{subsection.4.2}{Determination of human affects on the optimal stratergy}{section.4}% 36
\BOOKMARK [2][-]{subsection.4.3}{Comparison to Nellers stratergy}{section.4}% 37
